<?xml version="1.0" encoding="UTF-8"?>
<testsuite xmlns:xsi="http://www.w3.org/2001/XMLSchema-instance" xsi:noNamespaceSchemaLocation="https://maven.apache.org/surefire/maven-surefire-plugin/xsd/surefire-test-report.xsd" name="TestSuite" time="47.709" tests="1" errors="0" skipped="0" failures="0">
  <properties>
    <property name="gopherProxySet" value="false"/>
    <property name="awt.toolkit" value="sun.lwawt.macosx.LWCToolkit"/>
    <property name="java.specification.version" value="10"/>
    <property name="file.encoding.pkg" value="sun.io"/>
    <property name="sun.cpu.isalist" value=""/>
    <property name="sun.jnu.encoding" value="UTF-8"/>
    <property name="java.class.path" value="/Users/harcharansingh/eclipse-workspace/myProject/target/test-classes:/Users/harcharansingh/eclipse-workspace/myProject/target/classes:/Users/harcharansingh/.m2/repository/junit/junit/3.8.1/junit-3.8.1.jar:/Users/harcharansingh/.m2/repository/org/testng/testng/6.13/testng-6.13.jar:/Users/harcharansingh/.m2/repository/com/beust/jcommander/1.7/jcommander-1.7.jar:/Users/harcharansingh/.m2/repository/com/aventstack/extentreports/3.1.2/extentreports-3.1.2.jar:/Users/harcharansingh/.m2/repository/org/freemarker/freemarker/2.3.23/freemarker-2.3.23.jar:/Users/harcharansingh/.m2/repository/org/mongodb/mongodb-driver/3.3.0/mongodb-driver-3.3.0.jar:/Users/harcharansingh/.m2/repository/org/mongodb/bson/3.3.0/bson-3.3.0.jar:/Users/harcharansingh/.m2/repository/org/mongodb/mongodb-driver-core/3.3.0/mongodb-driver-core-3.3.0.jar:/Users/harcharansingh/.m2/repository/org/apache/httpcomponents/httpclient/4.5.2/httpclient-4.5.2.jar:/Users/harcharansingh/.m2/repository/org/apache/httpcomponents/httpmime/4.5.2/httpmime-4.5.2.jar:/Users/harcharansingh/.m2/repository/org/jsoup/jsoup/1.9.2/jsoup-1.9.2.jar:/Users/harcharansingh/.m2/repository/com/google/code/gson/gson/2.8.0/gson-2.8.0.jar:/Users/harcharansingh/.m2/repository/org/apache/poi/poi/3.14/poi-3.14.jar:/Users/harcharansingh/.m2/repository/commons-codec/commons-codec/1.10/commons-codec-1.10.jar:/Users/harcharansingh/.m2/repository/org/apache/poi/poi-ooxml/3.14/poi-ooxml-3.14.jar:/Users/harcharansingh/.m2/repository/org/apache/poi/poi-ooxml-schemas/3.14/poi-ooxml-schemas-3.14.jar:/Users/harcharansingh/.m2/repository/org/apache/xmlbeans/xmlbeans/2.6.0/xmlbeans-2.6.0.jar:/Users/harcharansingh/.m2/repository/stax/stax-api/1.0.1/stax-api-1.0.1.jar:/Users/harcharansingh/.m2/repository/com/github/virtuald/curvesapi/1.03/curvesapi-1.03.jar:/Users/harcharansingh/.m2/repository/log4j/log4j/1.2.17/log4j-1.2.17.jar:/Users/harcharansingh/.m2/repository/org/apache/commons/commons-lang3/3.0/commons-lang3-3.0.jar:/Users/harcharansingh/.m2/repository/commons-io/commons-io/1.3.2/commons-io-1.3.2.jar:/Users/harcharansingh/.m2/repository/javax/mail/mail/1.4/mail-1.4.jar:/Users/harcharansingh/.m2/repository/javax/activation/activation/1.1.1/activation-1.1.1.jar:/Users/harcharansingh/.m2/repository/org/seleniumhq/selenium/selenium-java/3.10.0/selenium-java-3.10.0.jar:/Users/harcharansingh/.m2/repository/org/seleniumhq/selenium/selenium-api/3.10.0/selenium-api-3.10.0.jar:/Users/harcharansingh/.m2/repository/org/seleniumhq/selenium/selenium-chrome-driver/3.10.0/selenium-chrome-driver-3.10.0.jar:/Users/harcharansingh/.m2/repository/org/seleniumhq/selenium/selenium-edge-driver/3.10.0/selenium-edge-driver-3.10.0.jar:/Users/harcharansingh/.m2/repository/org/seleniumhq/selenium/selenium-firefox-driver/3.10.0/selenium-firefox-driver-3.10.0.jar:/Users/harcharansingh/.m2/repository/org/seleniumhq/selenium/selenium-ie-driver/3.10.0/selenium-ie-driver-3.10.0.jar:/Users/harcharansingh/.m2/repository/org/seleniumhq/selenium/selenium-opera-driver/3.10.0/selenium-opera-driver-3.10.0.jar:/Users/harcharansingh/.m2/repository/org/seleniumhq/selenium/selenium-remote-driver/3.10.0/selenium-remote-driver-3.10.0.jar:/Users/harcharansingh/.m2/repository/org/seleniumhq/selenium/selenium-safari-driver/3.10.0/selenium-safari-driver-3.10.0.jar:/Users/harcharansingh/.m2/repository/org/seleniumhq/selenium/selenium-support/3.10.0/selenium-support-3.10.0.jar:/Users/harcharansingh/.m2/repository/net/bytebuddy/byte-buddy/1.7.9/byte-buddy-1.7.9.jar:/Users/harcharansingh/.m2/repository/org/apache/commons/commons-exec/1.3/commons-exec-1.3.jar:/Users/harcharansingh/.m2/repository/commons-logging/commons-logging/1.2/commons-logging-1.2.jar:/Users/harcharansingh/.m2/repository/com/google/guava/guava/23.6-jre/guava-23.6-jre.jar:/Users/harcharansingh/.m2/repository/com/google/code/findbugs/jsr305/1.3.9/jsr305-1.3.9.jar:/Users/harcharansingh/.m2/repository/org/checkerframework/checker-compat-qual/2.0.0/checker-compat-qual-2.0.0.jar:/Users/harcharansingh/.m2/repository/com/google/errorprone/error_prone_annotations/2.1.3/error_prone_annotations-2.1.3.jar:/Users/harcharansingh/.m2/repository/com/google/j2objc/j2objc-annotations/1.1/j2objc-annotations-1.1.jar:/Users/harcharansingh/.m2/repository/org/codehaus/mojo/animal-sniffer-annotations/1.14/animal-sniffer-annotations-1.14.jar:/Users/harcharansingh/.m2/repository/org/apache/httpcomponents/httpcore/4.4.6/httpcore-4.4.6.jar:/Users/harcharansingh/.m2/repository/com/squareup/okhttp3/okhttp/3.9.1/okhttp-3.9.1.jar:/Users/harcharansingh/.m2/repository/com/squareup/okio/okio/1.13.0/okio-1.13.0.jar:/Users/harcharansingh/.m2/repository/com/microsoft/sqlserver/mssql-jdbc/6.1.0.jre8/mssql-jdbc-6.1.0.jre8.jar:/Users/harcharansingh/.m2/repository/com/microsoft/azure/azure-keyvault/0.9.3/azure-keyvault-0.9.3.jar:/Users/harcharansingh/.m2/repository/com/microsoft/azure/azure-core/0.9.3/azure-core-0.9.3.jar:/Users/harcharansingh/.m2/repository/commons-lang/commons-lang/2.6/commons-lang-2.6.jar:/Users/harcharansingh/.m2/repository/com/sun/jersey/jersey-client/1.13/jersey-client-1.13.jar:/Users/harcharansingh/.m2/repository/com/sun/jersey/jersey-core/1.13/jersey-core-1.13.jar:/Users/harcharansingh/.m2/repository/com/sun/jersey/jersey-json/1.13/jersey-json-1.13.jar:/Users/harcharansingh/.m2/repository/org/codehaus/jettison/jettison/1.1/jettison-1.1.jar:/Users/harcharansingh/.m2/repository/com/sun/xml/bind/jaxb-impl/2.2.3-1/jaxb-impl-2.2.3-1.jar:/Users/harcharansingh/.m2/repository/javax/xml/bind/jaxb-api/2.2.2/jaxb-api-2.2.2.jar:/Users/harcharansingh/.m2/repository/javax/xml/stream/stax-api/1.0-2/stax-api-1.0-2.jar:/Users/harcharansingh/.m2/repository/org/codehaus/jackson/jackson-core-asl/1.9.2/jackson-core-asl-1.9.2.jar:/Users/harcharansingh/.m2/repository/org/codehaus/jackson/jackson-mapper-asl/1.9.2/jackson-mapper-asl-1.9.2.jar:/Users/harcharansingh/.m2/repository/org/codehaus/jackson/jackson-jaxrs/1.9.2/jackson-jaxrs-1.9.2.jar:/Users/harcharansingh/.m2/repository/org/codehaus/jackson/jackson-xc/1.9.2/jackson-xc-1.9.2.jar:/Users/harcharansingh/.m2/repository/javax/inject/javax.inject/1/javax.inject-1.jar:/Users/harcharansingh/.m2/repository/com/microsoft/azure/adal4j/1.0.0/adal4j-1.0.0.jar:/Users/harcharansingh/.m2/repository/com/nimbusds/oauth2-oidc-sdk/4.5/oauth2-oidc-sdk-4.5.jar:/Users/harcharansingh/.m2/repository/net/jcip/jcip-annotations/1.0/jcip-annotations-1.0.jar:/Users/harcharansingh/.m2/repository/net/minidev/json-smart/1.1.1/json-smart-1.1.1.jar:/Users/harcharansingh/.m2/repository/com/nimbusds/lang-tag/1.4/lang-tag-1.4.jar:/Users/harcharansingh/.m2/repository/com/nimbusds/nimbus-jose-jwt/3.1.2/nimbus-jose-jwt-3.1.2.jar:/Users/harcharansingh/.m2/repository/org/bouncycastle/bcprov-jdk15on/1.51/bcprov-jdk15on-1.51.jar:/Users/harcharansingh/.m2/repository/org/slf4j/slf4j-api/1.7.5/slf4j-api-1.7.5.jar:/Users/harcharansingh/.m2/repository/org/apache/maven/surefire/surefire-testng-utils/2.21.0/surefire-testng-utils-2.21.0.jar:/Users/harcharansingh/.m2/repository/org/apache/maven/surefire/surefire-grouper/2.21.0/surefire-grouper-2.21.0.jar:"/>
    <property name="java.vm.vendor" value="&quot;Oracle Corporation&quot;"/>
    <property name="sun.arch.data.model" value="64"/>
    <property name="java.vendor.url" value="http://java.oracle.com/"/>
    <property name="user.timezone" value=""/>
    <property name="java.vm.specification.version" value="10"/>
    <property name="os.name" value="Mac OS X"/>
    <property name="sun.java.launcher" value="SUN_STANDARD"/>
    <property name="user.country" value="IN"/>
    <property name="sun.boot.library.path" value="/Library/Java/JavaVirtualMachines/jdk-10.0.1.jdk/Contents/Home/lib"/>
    <property name="sun.java.command" value="/Users/harcharansingh/eclipse-workspace/myProject/target/surefire/surefirebooter16356414438541533995.jar /Users/harcharansingh/eclipse-workspace/myProject/target/surefire 2018-06-12T07-07-51_830-jvmRun1 surefire17528000506438449768tmp surefire_09588456007796969656tmp"/>
    <property name="http.nonProxyHosts" value="local|*.local|169.254/16|*.169.254/16"/>
    <property name="jdk.debug" value="release"/>
    <property name="surefire.test.class.path" value="/Users/harcharansingh/eclipse-workspace/myProject/target/test-classes:/Users/harcharansingh/eclipse-workspace/myProject/target/classes:/Users/harcharansingh/.m2/repository/junit/junit/3.8.1/junit-3.8.1.jar:/Users/harcharansingh/.m2/repository/org/testng/testng/6.13/testng-6.13.jar:/Users/harcharansingh/.m2/repository/com/beust/jcommander/1.7/jcommander-1.7.jar:/Users/harcharansingh/.m2/repository/com/aventstack/extentreports/3.1.2/extentreports-3.1.2.jar:/Users/harcharansingh/.m2/repository/org/freemarker/freemarker/2.3.23/freemarker-2.3.23.jar:/Users/harcharansingh/.m2/repository/org/mongodb/mongodb-driver/3.3.0/mongodb-driver-3.3.0.jar:/Users/harcharansingh/.m2/repository/org/mongodb/bson/3.3.0/bson-3.3.0.jar:/Users/harcharansingh/.m2/repository/org/mongodb/mongodb-driver-core/3.3.0/mongodb-driver-core-3.3.0.jar:/Users/harcharansingh/.m2/repository/org/apache/httpcomponents/httpclient/4.5.2/httpclient-4.5.2.jar:/Users/harcharansingh/.m2/repository/org/apache/httpcomponents/httpmime/4.5.2/httpmime-4.5.2.jar:/Users/harcharansingh/.m2/repository/org/jsoup/jsoup/1.9.2/jsoup-1.9.2.jar:/Users/harcharansingh/.m2/repository/com/google/code/gson/gson/2.8.0/gson-2.8.0.jar:/Users/harcharansingh/.m2/repository/org/apache/poi/poi/3.14/poi-3.14.jar:/Users/harcharansingh/.m2/repository/commons-codec/commons-codec/1.10/commons-codec-1.10.jar:/Users/harcharansingh/.m2/repository/org/apache/poi/poi-ooxml/3.14/poi-ooxml-3.14.jar:/Users/harcharansingh/.m2/repository/org/apache/poi/poi-ooxml-schemas/3.14/poi-ooxml-schemas-3.14.jar:/Users/harcharansingh/.m2/repository/org/apache/xmlbeans/xmlbeans/2.6.0/xmlbeans-2.6.0.jar:/Users/harcharansingh/.m2/repository/stax/stax-api/1.0.1/stax-api-1.0.1.jar:/Users/harcharansingh/.m2/repository/com/github/virtuald/curvesapi/1.03/curvesapi-1.03.jar:/Users/harcharansingh/.m2/repository/log4j/log4j/1.2.17/log4j-1.2.17.jar:/Users/harcharansingh/.m2/repository/org/apache/commons/commons-lang3/3.0/commons-lang3-3.0.jar:/Users/harcharansingh/.m2/repository/commons-io/commons-io/1.3.2/commons-io-1.3.2.jar:/Users/harcharansingh/.m2/repository/javax/mail/mail/1.4/mail-1.4.jar:/Users/harcharansingh/.m2/repository/javax/activation/activation/1.1.1/activation-1.1.1.jar:/Users/harcharansingh/.m2/repository/org/seleniumhq/selenium/selenium-java/3.10.0/selenium-java-3.10.0.jar:/Users/harcharansingh/.m2/repository/org/seleniumhq/selenium/selenium-api/3.10.0/selenium-api-3.10.0.jar:/Users/harcharansingh/.m2/repository/org/seleniumhq/selenium/selenium-chrome-driver/3.10.0/selenium-chrome-driver-3.10.0.jar:/Users/harcharansingh/.m2/repository/org/seleniumhq/selenium/selenium-edge-driver/3.10.0/selenium-edge-driver-3.10.0.jar:/Users/harcharansingh/.m2/repository/org/seleniumhq/selenium/selenium-firefox-driver/3.10.0/selenium-firefox-driver-3.10.0.jar:/Users/harcharansingh/.m2/repository/org/seleniumhq/selenium/selenium-ie-driver/3.10.0/selenium-ie-driver-3.10.0.jar:/Users/harcharansingh/.m2/repository/org/seleniumhq/selenium/selenium-opera-driver/3.10.0/selenium-opera-driver-3.10.0.jar:/Users/harcharansingh/.m2/repository/org/seleniumhq/selenium/selenium-remote-driver/3.10.0/selenium-remote-driver-3.10.0.jar:/Users/harcharansingh/.m2/repository/org/seleniumhq/selenium/selenium-safari-driver/3.10.0/selenium-safari-driver-3.10.0.jar:/Users/harcharansingh/.m2/repository/org/seleniumhq/selenium/selenium-support/3.10.0/selenium-support-3.10.0.jar:/Users/harcharansingh/.m2/repository/net/bytebuddy/byte-buddy/1.7.9/byte-buddy-1.7.9.jar:/Users/harcharansingh/.m2/repository/org/apache/commons/commons-exec/1.3/commons-exec-1.3.jar:/Users/harcharansingh/.m2/repository/commons-logging/commons-logging/1.2/commons-logging-1.2.jar:/Users/harcharansingh/.m2/repository/com/google/guava/guava/23.6-jre/guava-23.6-jre.jar:/Users/harcharansingh/.m2/repository/com/google/code/findbugs/jsr305/1.3.9/jsr305-1.3.9.jar:/Users/harcharansingh/.m2/repository/org/checkerframework/checker-compat-qual/2.0.0/checker-compat-qual-2.0.0.jar:/Users/harcharansingh/.m2/repository/com/google/errorprone/error_prone_annotations/2.1.3/error_prone_annotations-2.1.3.jar:/Users/harcharansingh/.m2/repository/com/google/j2objc/j2objc-annotations/1.1/j2objc-annotations-1.1.jar:/Users/harcharansingh/.m2/repository/org/codehaus/mojo/animal-sniffer-annotations/1.14/animal-sniffer-annotations-1.14.jar:/Users/harcharansingh/.m2/repository/org/apache/httpcomponents/httpcore/4.4.6/httpcore-4.4.6.jar:/Users/harcharansingh/.m2/repository/com/squareup/okhttp3/okhttp/3.9.1/okhttp-3.9.1.jar:/Users/harcharansingh/.m2/repository/com/squareup/okio/okio/1.13.0/okio-1.13.0.jar:/Users/harcharansingh/.m2/repository/com/microsoft/sqlserver/mssql-jdbc/6.1.0.jre8/mssql-jdbc-6.1.0.jre8.jar:/Users/harcharansingh/.m2/repository/com/microsoft/azure/azure-keyvault/0.9.3/azure-keyvault-0.9.3.jar:/Users/harcharansingh/.m2/repository/com/microsoft/azure/azure-core/0.9.3/azure-core-0.9.3.jar:/Users/harcharansingh/.m2/repository/commons-lang/commons-lang/2.6/commons-lang-2.6.jar:/Users/harcharansingh/.m2/repository/com/sun/jersey/jersey-client/1.13/jersey-client-1.13.jar:/Users/harcharansingh/.m2/repository/com/sun/jersey/jersey-core/1.13/jersey-core-1.13.jar:/Users/harcharansingh/.m2/repository/com/sun/jersey/jersey-json/1.13/jersey-json-1.13.jar:/Users/harcharansingh/.m2/repository/org/codehaus/jettison/jettison/1.1/jettison-1.1.jar:/Users/harcharansingh/.m2/repository/com/sun/xml/bind/jaxb-impl/2.2.3-1/jaxb-impl-2.2.3-1.jar:/Users/harcharansingh/.m2/repository/javax/xml/bind/jaxb-api/2.2.2/jaxb-api-2.2.2.jar:/Users/harcharansingh/.m2/repository/javax/xml/stream/stax-api/1.0-2/stax-api-1.0-2.jar:/Users/harcharansingh/.m2/repository/org/codehaus/jackson/jackson-core-asl/1.9.2/jackson-core-asl-1.9.2.jar:/Users/harcharansingh/.m2/repository/org/codehaus/jackson/jackson-mapper-asl/1.9.2/jackson-mapper-asl-1.9.2.jar:/Users/harcharansingh/.m2/repository/org/codehaus/jackson/jackson-jaxrs/1.9.2/jackson-jaxrs-1.9.2.jar:/Users/harcharansingh/.m2/repository/org/codehaus/jackson/jackson-xc/1.9.2/jackson-xc-1.9.2.jar:/Users/harcharansingh/.m2/repository/javax/inject/javax.inject/1/javax.inject-1.jar:/Users/harcharansingh/.m2/repository/com/microsoft/azure/adal4j/1.0.0/adal4j-1.0.0.jar:/Users/harcharansingh/.m2/repository/com/nimbusds/oauth2-oidc-sdk/4.5/oauth2-oidc-sdk-4.5.jar:/Users/harcharansingh/.m2/repository/net/jcip/jcip-annotations/1.0/jcip-annotations-1.0.jar:/Users/harcharansingh/.m2/repository/net/minidev/json-smart/1.1.1/json-smart-1.1.1.jar:/Users/harcharansingh/.m2/repository/com/nimbusds/lang-tag/1.4/lang-tag-1.4.jar:/Users/harcharansingh/.m2/repository/com/nimbusds/nimbus-jose-jwt/3.1.2/nimbus-jose-jwt-3.1.2.jar:/Users/harcharansingh/.m2/repository/org/bouncycastle/bcprov-jdk15on/1.51/bcprov-jdk15on-1.51.jar:/Users/harcharansingh/.m2/repository/org/slf4j/slf4j-api/1.7.5/slf4j-api-1.7.5.jar:/Users/harcharansingh/.m2/repository/org/apache/maven/surefire/surefire-testng-utils/2.21.0/surefire-testng-utils-2.21.0.jar:/Users/harcharansingh/.m2/repository/org/apache/maven/surefire/surefire-grouper/2.21.0/surefire-grouper-2.21.0.jar:"/>
    <property name="sun.cpu.endian" value="little"/>
    <property name="user.home" value="/Users/harcharansingh"/>
    <property name="user.language" value="en"/>
    <property name="java.specification.vendor" value="Oracle Corporation"/>
    <property name="java.version.date" value="2018-04-17"/>
    <property name="java.home" value="/Library/Java/JavaVirtualMachines/jdk-10.0.1.jdk/Contents/Home"/>
    <property name="file.separator" value="/"/>
    <property name="basedir" value="/Users/harcharansingh/eclipse-workspace/myProject"/>
    <property name="java.vm.compressedOopsMode" value="Zero based"/>
    <property name="line.separator" value="&#10;"/>
    <property name="java.specification.name" value="Java Platform API Specification"/>
    <property name="java.vm.specification.vendor" value="Oracle Corporation"/>
    <property name="java.awt.graphicsenv" value="sun.awt.CGraphicsEnvironment"/>
    <property name="surefire.real.class.path" value="/Users/harcharansingh/eclipse-workspace/myProject/target/surefire/surefirebooter16356414438541533995.jar"/>
    <property name="sun.management.compiler" value="HotSpot 64-Bit Tiered Compilers"/>
    <property name="ftp.nonProxyHosts" value="local|*.local|169.254/16|*.169.254/16"/>
    <property name="java.runtime.version" value="10.0.1+10"/>
    <property name="user.name" value="harcharansingh"/>
    <property name="path.separator" value=":"/>
    <property name="os.version" value="10.13.3"/>
    <property name="java.runtime.name" value="Java(TM) SE Runtime Environment"/>
    <property name="file.encoding" value="UTF-8"/>
    <property name="java.vm.name" value="Java HotSpot(TM) 64-Bit Server VM"/>
    <property name="java.vendor.version" value="18.3"/>
    <property name="localRepository" value="/Users/harcharansingh/.m2/repository"/>
    <property name="java.vendor.url.bug" value="http://bugreport.java.com/bugreport/"/>
    <property name="java.io.tmpdir" value="/var/folders/n0/lwvrsljd4gsd0h286b3w78t80000gn/T/"/>
    <property name="java.version" value="10.0.1"/>
    <property name="user.dir" value="/Users/harcharansingh/eclipse-workspace/myProject"/>
    <property name="os.arch" value="x86_64"/>
    <property name="java.vm.specification.name" value="Java Virtual Machine Specification"/>
    <property name="java.awt.printerjob" value="sun.lwawt.macosx.CPrinterJob"/>
    <property name="sun.os.patch.level" value="unknown"/>
    <property name="java.library.path" value="/Users/harcharansingh/Library/Java/Extensions:/Library/Java/Extensions:/Network/Library/Java/Extensions:/System/Library/Java/Extensions:/usr/lib/java:."/>
    <property name="java.vendor" value="Oracle Corporation"/>
    <property name="java.vm.info" value="mixed mode"/>
    <property name="java.vm.version" value="10.0.1+10"/>
    <property name="sun.io.unicode.encoding" value="UnicodeBig"/>
    <property name="java.class.version" value="54.0"/>
    <property name="socksNonProxyHosts" value="local|*.local|169.254/16|*.169.254/16"/>
  </properties>
  <testcase name="TC_001" classname="com.myProject.testcases.TP_001" time="46.811"/>
</testsuite>