<?xml version="1.0" encoding="UTF-8"?>
<!-- Generated by org.testng.reporters.JUnitReportReporter -->
<testsuite hostname="harcharans-MacBook-Pro.local" failures="0" tests="1" name="com.myProject.testcases.TP_006" time="56.990" errors="0" timestamp="12 Jun 2018 12:40:32 GMT" skipped="0">
  <testcase classname="com.myProject.testcases.TP_006" name="TC006" time="56.990"/>
</testsuite> <!-- com.myProject.testcases.TP_006 -->
