<?xml version="1.0" encoding="UTF-8"?>
<!-- Generated by org.testng.reporters.JUnitReportReporter -->
<testsuite hostname="harcharans-MacBook-Pro.local" failures="0" tests="1" name="com.myProject.testcases.TP_001" time="46.749" errors="0" timestamp="12 Jun 2018 12:08:40 GMT" skipped="0">
  <testcase classname="com.myProject.testcases.TP_001" name="TC_001" time="46.749"/>
</testsuite> <!-- com.myProject.testcases.TP_001 -->
